669C3B9AEC40A902986193FA153E635B,2DD32B8EF147BB66D1EA431D25872781,CMT,1,N,2013-01-05 13:25:47,2013-01-05 13:34:07,1,500,1.20,-73.992882,40.74765,-73.979866,40.756027
A10A65AFD9F401BF3BDB79C84D3549E7,C7401DFF6ABDE655AA97A0C30D1D8DD5,CMT,1,N,2013-01-07 20:38:57,2013-01-07 20:51:21,3,744,3.20,-74.001747,40.740749,-73.984848,40.779175
7B6F31E76AAFFB262D1714BC534040D9,DFF6329A964FAD2CEC902F5594BA466D,CMT,1,N,2013-01-08 00:31:58,2013-01-08 00:43:19,1,681,4.00,-73.987267,40.756374,-73.94371,40.79311
EC240A6DAE0C81C9CAA98649C9CD220B,3103E3C5EBD76D79B4E0AA2099FA060B,CMT,1,N,2013-01-05 21:38:04,2013-01-05 21:44:43,2,398,.90,-73.984314,40.742493,-73.985573,40.751945
877AAB787A0BCD95781E7DA0770CCB1D,669DD2780CAF48FDADA9F55E816C7608,CMT,1,Y,2013-01-07 15:56:16,2013-01-07 16:40:22,1,2646,5.10,-73.999817,40.761299,-73.976433,40.751411
E1258EF6EBE8C3AE1BDEFBB282E8F51E,6F651FA5FB567D9BE20329CC8551CB92,CMT,1,N,2013-01-08 12:14:04,2013-01-08 12:25:37,1,693,2.90,-73.947258,40.748447,-73.969551,40.757782
24929E5F008DBC4C0E551B957F619910,F7C8E4BC689563E4562A9F52A04EE619,CMT,1,N,2013-01-08 15:27:55,2013-01-08 15:44:31,1,995,3.30,-73.991272,40.734901,-73.961662,40.771839
D5367E940A20B9D2550BF7CF7AE01681,5B34A2589D1D2106FC0C47564A4833F0,CMT,1,N,2013-01-08 10:53:08,2013-01-08 11:02:13,1,545,1.50,-73.982132,40.768269,-73.975662,40.752022
20D9ECB2CA0767CF7A01564DF2844A3E,598CCE5B9C1918568DEE71F43CF26CD2,CMT,1,N,2013-01-08 10:10:46,2013-01-08 10:14:03,1,196,.40,-73.979805,40.748665,-73.984581,40.742668
877AAB787A0BCD95781E7DA0770CCB1D,669DD2780CAF48FDADA9F55E816C7608,CMT,1,N,2013-01-07 21:34:19,2013-01-07 21:40:53,3,393,.70,-73.993256,40.721653,-74.004539,40.722805
BA45C337C624F5ABA7A28F251E0E5844,62D63AE8C30022CB25CE93E1067D2C2D,CMT,1,N,2013-01-05 15:49:11,2013-01-05 15:54:25,4,314,1.10,-73.989738,40.756283,-73.97612,40.765202
D5367E940A20B9D2550BF7CF7AE01681,5B34A2589D1D2106FC0C47564A4833F0,CMT,1,N,2013-01-08 11:41:36,2013-01-08 11:44:44,2,187,.30,-73.978676,40.75333,-73.984802,40.75613
0DDA4FBFADAE0126868397C423989193,CD45CB7CD02BB6649F9A23F5A374A480,CMT,1,N,2013-01-05 21:24:24,2013-01-05 21:30:03,1,338,1.10,-73.977531,40.74284,-73.988419,40.727654
81EC004D7D8FCD841C77EA02A4F1C0DF,FA5DF5881A1BA5D067B62E1BC651EBB4,CMT,1,N,2013-01-07 04:11:22,2013-01-07 04:13:06,1,103,.60,-73.951782,40.781898,-73.949135,40.789276
1944EB168702ED8E6B9FD94E988D0197,1D24DD6F12731B59E72DD7CF387F5011,CMT,1,N,2013-01-08 14:50:13,2013-01-08 14:56:35,1,382,.80,-73.955902,40.779522,-73.949684,40.772411
7A9728FFD700148BF60616DA97FFC3C3,D25781FA72D2C328B9F120736E6CAA68,CMT,1,N,2013-01-08 10:54:31,2013-01-08 10:58:10,1,219,.50,-73.954208,40.765896,-73.960266,40.769138
A8E3CB510CCF9C4C43D5BACCC82145EF,1C4271FE9019C78FDA20970A75AD5ECF,CMT,1,N,2013-01-08 18:28:23,2013-01-08 18:37:17,1,533,1.00,-73.988083,40.737675,-74.001709,40.739498
A347C834639E16443FE08271C25DA4D5,0C98002FE683A96381AC0F63E05129B5,CMT,1,N,2013-01-10 09:07:34,2013-01-10 09:17:21,1,586,1.00,-73.991096,40.750622,-73.982109,40.757671
C69C68A29BB2F8CFCFC778A93F210550,4E43A217CC094D6C2453E17FCB83568C,CMT,1,N,2013-01-07 20:47:05,2013-01-07 20:53:18,1,372,1.80,-73.968246,40.755184,-73.983932,40.731831
2092EB6001D3B498DEE50B5FF2367FCE,1E3F6B66E622B70EAD319D84B7C046C6,CMT,1,N,2013-01-10 12:58:01,2013-01-10 13:06:55,1,533,.80,-73.960381,40.769875,-73.970581,40.764275
2092EB6001D3B498DEE50B5FF2367FCE,1E3F6B66E622B70EAD319D84B7C046C6,CMT,1,N,2013-01-10 08:26:29,2013-01-10 08:38:40,2,731,1.50,-74.000069,40.761402,-73.978889,40.765076
826C0A320CFC98F461EA887C2F9D1509,AB97FEEAF9D7C32566773EA33D18E4AA,CMT,1,N,2013-01-08 09:32:48,2013-01-08 09:51:52,1,1144,1.80,-73.995331,40.743774,-73.981133,40.759186
251012565308E6E0E67550CFBBD253AB,8B204068A2EB2F13F762C05AC1F0B075,CMT,1,N,2013-01-05 21:04:48,2013-01-05 21:16:28,4,699,4.80,-73.952438,40.768909,-73.989136,40.722088
251012565308E6E0E67550CFBBD253AB,8B204068A2EB2F13F762C05AC1F0B075,CMT,1,N,2013-01-06 00:23:07,2013-01-06 00:25:33,1,146,1.00,-73.962914,40.758537,-73.9524,40.768635
3869F0C7695A281D7379C134C5B3277F,20E4F82603975742BDBDB804972CB621,CMT,1,N,2013-01-07 17:52:57,2013-01-07 18:01:18,1,501,1.80,-73.952415,40.786591,-73.939087,40.805103
3869F0C7695A281D7379C134C5B3277F,20E4F82603975742BDBDB804972CB621,CMT,1,N,2013-01-07 19:28:05,2013-01-07 19:34:00,1,355,.50,-74.005478,40.727821,-74.007057,40.73291
D2B04BAF279D8152B987C5D4592E59DE,C1C0BBABD27BA2AA2308CF72D81705CE,CMT,1,N,2013-01-01 15:22:50,2013-01-01 15:25:37,2,166,.60,-74.006851,40.719524,-74.013901,40.715385
A54D7A7A4CA0F11A5BDC3CE5C2B0ABD6,F744B9954428E01658DACF1CC9CBA3A2,CMT,1,N,2013-01-07 16:17:35,2013-01-07 16:24:35,1,420,1.50,-73.945183,40.774734,-73.968239,40.784927
A54D7A7A4CA0F11A5BDC3CE5C2B0ABD6,F744B9954428E01658DACF1CC9CBA3A2,CMT,1,N,2013-01-07 20:52:24,2013-01-07 20:55:38,1,193,.60,-73.982681,40.722618,-73.984009,40.72937
D967D827321196701081493549B9034D,C69F27AD39D01CA2DDE8645FB268CD6C,CMT,1,N,2013-01-05 21:47:02,2013-01-05 21:53:25,2,382,1.60,-73.982048,40.775127,-73.976097,40.795044
4C92864F9D2567EA26D31860E3639751,7B8ABE96432AE7EDA95E465D78A5F8D4,CMT,1,N,2013-01-10 08:43:43,2013-01-10 08:53:58,2,614,1.50,-73.995224,40.727196,-74.011101,40.708755
4C92864F9D2567EA26D31860E3639751,7B8ABE96432AE7EDA95E465D78A5F8D4,CMT,1,N,2013-01-10 16:10:01,2013-01-10 16:19:57,1,595,1.60,-73.979774,40.748943,-73.98632,40.730522
A0B6CB5FA9A245A2D0CFC71A9373E482,CA10C7DBD6FA4A177FBDB180905576B6,CMT,1,N,2013-01-01 14:48:09,2013-01-01 15:00:44,1,754,2.40,-73.996071,40.76844,-73.991821,40.743557
681363624EA6C42C055C6B8D0AC633E9,8269A582D419D6B9D628EA6019FF425A,CMT,1,N,2013-01-05 16:25:17,2013-01-05 16:31:58,2,400,1.60,-73.987564,40.732765,-73.97216,40.747105
681363624EA6C42C055C6B8D0AC633E9,8269A582D419D6B9D628EA6019FF425A,CMT,1,N,2013-01-05 19:44:46,2013-01-05 19:47:52,1,185,.60,-73.993385,40.734859,-74.00106,40.740074
729B76EF50532552464CD102A0F078A9,8C89A3355173B02B73BB84FD0B039268,CMT,1,N,2013-01-08 10:13:49,2013-01-08 10:21:08,1,438,1.10,-73.985405,40.768536,-73.996529,40.75338
14D8F54D4F64DB9B8C4D79EBC2DA8218,C19271BF8C88F939EED2C57A7440766C,CMT,1,N,2013-01-07 18:30:03,2013-01-07 18:37:20,1,436,1.40,-74.0056,40.727119,-73.992073,40.737003
14D8F54D4F64DB9B8C4D79EBC2DA8218,C19271BF8C88F939EED2C57A7440766C,CMT,1,N,2013-01-07 18:02:53,2013-01-07 18:09:28,1,395,1.00,-73.996758,40.731724,-73.98893,40.736641
04E59442A7DDBCE515E33CD355D866E7,7913172189931A1A1632562B10AB53C4,CMT,1,N,2013-01-08 15:29:06,2013-01-08 15:44:36,1,930,5.10,-73.872749,40.774227,-73.814415,40.780014
04E59442A7DDBCE515E33CD355D866E7,7913172189931A1A1632562B10AB53C4,CMT,1,N,2013-01-08 09:56:55,2013-01-08 10:05:40,1,524,1.00,-73.989655,40.747433,-74.001534,40.756439
848FE234E2518C51264951EE11D19AA3,67E3E3C5F7D708A20135FD736CB524DD,CMT,1,N,2013-01-06 17:00:22,2013-01-06 17:10:36,3,614,2.80,-73.976501,40.765713,-73.958603,40.799946
6D7D9EAB97CAFC4AF3D85448DA953451,954F595B0F1893C91712F830BBFB0732,CMT,1,N,2013-01-10 14:59:51,2013-01-10 15:13:38,3,826,2.20,-73.956909,40.783623,-73.983887,40.778687
D9798B9418860093A40370B5146DE691,42326371879F0E81B904C5521C83BEB0,CMT,1,N,2013-01-05 16:49:15,2013-01-05 16:59:41,2,625,1.40,-73.982048,40.762329,-73.979721,40.748085
38EEEFFA8B43D12849A9512CE1E56A37,946355E661BA890E8C65D82B7C8AA911,CMT,1,N,2013-01-08 12:49:21,2013-01-08 13:01:36,1,735,1.70,-73.990837,40.749569,-73.97583,40.765316
BA45C337C624F5ABA7A28F251E0E5844,62D63AE8C30022CB25CE93E1067D2C2D,CMT,1,N,2013-01-05 11:18:26,2013-01-05 11:26:50,2,503,.90,-73.977219,40.751747,-73.987198,40.749886
877AAB787A0BCD95781E7DA0770CCB1D,669DD2780CAF48FDADA9F55E816C7608,CMT,1,N,2013-01-07 19:04:57,2013-01-07 19:10:04,1,307,1.40,-73.980682,40.779976,-73.972717,40.797565
6BC737619B63902C15BA05D25E9D0436,D025569D385FEAB3E1D6203F080A6AE9,CMT,1,N,2013-01-05 10:10:26,2013-01-05 10:15:09,1,283,1.30,-73.985176,40.753681,-73.984779,40.768143
2F68382E4530F669E94805D5BE963371,9E3BA5E043D3437C5A949A09FFA24874,CMT,1,N,2013-01-06 23:05:21,2013-01-06 23:09:09,1,228,.70,-73.978096,40.752804,-73.988144,40.759609
877AAB787A0BCD95781E7DA0770CCB1D,669DD2780CAF48FDADA9F55E816C7608,CMT,1,N,2013-01-07 17:54:25,2013-01-07 18:01:33,1,427,1.00,-73.999908,40.741814,-73.993149,40.745129
6BC737619B63902C15BA05D25E9D0436,D025569D385FEAB3E1D6203F080A6AE9,CMT,1,N,2013-01-05 09:58:16,2013-01-05 10:05:11,1,414,1.50,-73.96946,40.760212,-73.986954,40.750771
26B6CDD419985C6F551F0FAE87EF3AA9,015760806341352ED97B0F79C8A873BC,CMT,1,N,2013-01-06 23:33:40,2013-01-06 23:37:30,1,229,.90,-73.947006,40.831455,-73.944679,40.822006
B6F61A62211C44D7A17BBE823D5E6AF7,A0B44E80AF345FC70FCC9B3461FC2173,CMT,1,N,2013-01-06 02:08:13,2013-01-06 02:15:41,2,447,1.70,-74.002953,40.733627,-73.989174,40.743263
CE6A3613930660B3202458C6F041DB6F,CFAB5A472243AB0DD89400A0DBC82C15,CMT,1,N,2013-01-08 13:48:36,2013-01-08 13:59:31,1,654,1.20,-74.001701,40.756401,-73.989304,40.747959
964CB9A338FC0F24DD621BFBEFB7575F,72ADB296FE7BE0A02436240639DEB3C5,CMT,1,N,2013-01-01 15:26:19,2013-01-01 15:52:05,2,1545,12.90,-73.990845,40.756229,-73.851639,40.828156
BA45C337C624F5ABA7A28F251E0E5844,62D63AE8C30022CB25CE93E1067D2C2D,CMT,1,N,2013-01-05 16:38:38,2013-01-05 16:40:50,3,132,.90,-73.973099,40.748753,-73.981857,40.740021
D5367E940A20B9D2550BF7CF7AE01681,5B34A2589D1D2106FC0C47564A4833F0,CMT,1,N,2013-01-08 13:06:13,2013-01-08 13:11:51,1,337,1.10,-73.960747,40.769737,-73.951019,40.78334
8D708B5B292FB555F4EFE69597872B01,D1EF37D13D091F7326F5B2C573BBE0C1,CMT,1,N,2013-01-05 18:38:12,2013-01-05 18:50:34,2,742,1.50,-73.989182,40.743382,-73.995712,40.724934
81EC004D7D8FCD841C77EA02A4F1C0DF,FA5DF5881A1BA5D067B62E1BC651EBB4,CMT,1,N,2013-01-07 01:59:08,2013-01-07 02:22:25,3,1396,8.80,-73.987381,40.76067,-73.914314,40.775444
B626BEC0CDEFBE3483FB58D51F8DA32B,7098CA001F9063E1F673A1561AB9BB85,CMT,1,N,2013-01-07 18:15:32,2013-01-07 18:23:48,3,496,1.40,-73.983772,40.780884,-73.981041,40.765495
7A9728FFD700148BF60616DA97FFC3C3,D25781FA72D2C328B9F120736E6CAA68,CMT,1,N,2013-01-08 09:22:54,2013-01-08 09:40:56,1,1081,4.40,-73.947731,40.81023,-73.981491,40.760422
D5367E940A20B9D2550BF7CF7AE01681,5B34A2589D1D2106FC0C47564A4833F0,CMT,1,N,2013-01-08 12:09:41,2013-01-08 12:14:24,1,282,.70,-73.981094,40.779507,-73.971886,40.782158
6893BD66639F1F6BD44F8AF1A2756145,C20D9C58D84686C59650065E23996936,CMT,1,N,2013-01-05 13:19:12,2013-01-05 13:25:40,4,388,1.50,-73.970032,40.764606,-73.972656,40.780602
1B3CA7B98CE463E246FF7DE600E09B17,E1F961FC42E7D3BC08059169C37CC8A2,CMT,1,N,2013-01-08 13:19:14,2013-01-08 13:44:07,1,1493,11.20,-73.994942,40.688953,-73.864853,40.770367
BA45C337C624F5ABA7A28F251E0E5844,62D63AE8C30022CB25CE93E1067D2C2D,CMT,1,N,2013-01-05 12:15:18,2013-01-05 12:17:38,1,139,.60,-73.984138,40.754631,-73.979378,40.76228
B33E71CD9E8FE1BE3B70FEB6E807DD15,BAF57796E45D921BB23217E17A372FF6,CMT,1,N,2013-01-05 19:45:56,2013-01-05 20:01:58,1,962,3.00,-74.006577,40.740623,-73.970818,40.75618
D83F9AC0E33F6F19869C243BE6AB6FE5,85A55B6772275374EF90AC9457DC1F83,CMT,2,N,2013-01-10 08:02:27,2013-01-10 08:44:37,1,2529,17.70,-73.96907,40.766247,-73.785614,40.646503
04E59442A7DDBCE515E33CD355D866E7,7913172189931A1A1632562B10AB53C4,CMT,1,N,2013-01-06 16:19:49,2013-01-06 16:24:00,1,251,.70,-73.963089,40.772381,-73.96946,40.766434
D30BED60331C79E3F7ACD05B325ED42F,B5E1D2461A5BCC8819188DACEC17CD69,CMT,1,N,2013-01-05 19:12:11,2013-01-05 19:14:34,1,143,.50,-73.967705,40.792702,-73.972397,40.786354
4EE5F2532F57F21244FCC00EEFC37BBC,E75456C7E6B42C42E7AB2336319E634F,CMT,1,N,2013-01-10 08:00:51,2013-01-10 08:01:48,1,56,.00,-73.902,40.763954,-73.902008,40.76395
47D7BFDF540BFD20858B0329251B741B,D297B6A10EECA2D70EE433780ABF2227,CMT,2,N,2013-01-10 09:25:44,2013-01-10 10:08:46,2,2582,.00,-73.780251,40.645382,-73.961624,40.767174
237F49C3ECC11F5024B254268F054384,93C363DDF8ED9385D65FAD07CE3F5F07,CMT,1,N,2013-01-07 07:48:00,2013-01-07 07:59:01,2,661,2.90,-73.982841,40.755905,-74.00547,40.7201
237F49C3ECC11F5024B254268F054384,93C363DDF8ED9385D65FAD07CE3F5F07,CMT,1,N,2013-01-07 09:08:37,2013-01-07 09:13:33,1,296,.50,-73.976494,40.75156,-73.98288,40.755569
4C005EEBAA7BF26B84B21586332488A2,351BE7D984BE17DB2FA80A748E816472,CMT,1,N,2013-01-07 23:47:47,2013-01-07 23:54:43,1,415,1.50,-73.995262,40.74382,-73.987274,40.729321
32D306FD3A4D7CEDCFD8D644294DD5B7,05EACD5B806FC3D01A377606D37CF327,CMT,1,N,2013-01-08 15:11:04,2013-01-08 15:24:18,2,794,2.10,-73.96962,40.76339,-73.979118,40.784794
32D306FD3A4D7CEDCFD8D644294DD5B7,05EACD5B806FC3D01A377606D37CF327,CMT,1,N,2013-01-08 08:25:24,2013-01-08 08:35:12,1,588,1.20,-73.965637,40.774376,-73.977936,40.75956
50296A056AF5D221536DC98ABB1E3274,4F3E6D0E69CABD8954F8A126D54C5C20,CMT,1,N,2013-01-08 02:37:37,2013-01-08 02:55:20,3,1063,8.70,-74.003082,40.739986,-73.937691,40.838692
C6CE309A20A523E64FDCDECF150A2EC1,3DC3C9552D190C5D26B0358C23E449A6,CMT,1,N,2013-01-10 08:02:56,2013-01-10 08:14:24,1,687,2.70,-73.992874,40.758064,-73.979675,40.733341
C6CE309A20A523E64FDCDECF150A2EC1,3DC3C9552D190C5D26B0358C23E449A6,CMT,1,N,2013-01-10 15:00:16,2013-01-10 15:09:03,1,527,.70,-73.974838,40.761784,-73.985031,40.758156
5E162F2D7F569949769648C56A23C525,6F7932F2B112DAABF1F2A385FE2AB819,CMT,1,N,2013-01-07 23:16:34,2013-01-07 23:43:22,2,1608,13.70,-73.982948,40.750858,-74.033707,40.617203
1836E1591EE79F810104064B945747AB,18EDD3FC80A78DC262E2442FEEA55F01,CMT,1,N,2013-01-08 03:05:09,2013-01-08 03:17:28,1,739,4.30,-73.987808,40.732471,-73.943024,40.705822
1836E1591EE79F810104064B945747AB,18EDD3FC80A78DC262E2442FEEA55F01,CMT,1,N,2013-01-07 17:54:25,2013-01-07 18:11:41,1,1035,2.90,-73.996529,40.73238,-73.966507,40.760593
A5A69FAD94C3DC7854F9DDEA994B6380,178BA04DD1A4E3A184C86AA3F110A742,CMT,1,N,2013-01-10 08:42:47,2013-01-10 08:53:25,1,637,1.10,-73.971596,40.750374,-73.97216,40.76368
5E162F2D7F569949769648C56A23C525,6F7932F2B112DAABF1F2A385FE2AB819,CMT,1,N,2013-01-07 20:01:08,2013-01-07 20:10:23,1,555,1.70,-73.988129,40.769798,-73.977654,40.75346
B36D470B76BD8F6D720A83D08891754E,A86011E8B4D0FCC19283230950DFCB3E,CMT,1,N,2013-01-07 22:01:57,2013-01-07 22:17:36,2,939,6.00,-73.984634,40.718761,-73.981766,40.675709
47CFD616C057758044C57D1B4BEFE759,A6DCBA545B1E1A2DC24BFEE1C0A54029,CMT,1,N,2013-01-07 19:48:22,2013-01-07 19:51:22,1,179,.50,-73.97274,40.792896,-73.96785,40.800568
0CC08DE5645A7137059499EA11886805,4F2627F9FD34A9B9EFCCFC5147048345,CMT,1,N,2013-01-08 00:26:18,2013-01-08 00:33:41,1,442,2.20,-74.006546,40.73967,-73.982872,40.756832
0CC08DE5645A7137059499EA11886805,4F2627F9FD34A9B9EFCCFC5147048345,CMT,1,N,2013-01-07 19:57:17,2013-01-07 20:07:02,1,585,4.00,-74.014114,40.706306,-74.002693,40.760006
B7A16B1C396F4A5113257DDEB043D953,3DC4ACD88D75EF04FBC9CCDFEEF7C71E,CMT,1,N,2013-01-07 18:50:36,2013-01-07 19:02:03,1,686,2.20,-73.989914,40.736874,-74.009033,40.716122
E71CDEFCB364DA0D385629612EE30642,C7259B75B62CB850082BDEB4149DC075,CMT,1,N,2013-01-07 21:46:45,2013-01-07 21:50:30,1,224,.90,-73.961113,40.765106,-73.959839,40.776237
E71CDEFCB364DA0D385629612EE30642,C7259B75B62CB850082BDEB4149DC075,CMT,1,N,2013-01-07 21:53:35,2013-01-07 21:54:57,1,82,.50,-73.964081,40.770279,-73.958977,40.777237
A8262FA0AFCB6C7229F6888EAFBDE076,1BDF89260FEF1AE6FDDE839A0278D31D,CMT,2,N,2013-01-07 07:29:06,2013-01-07 08:19:39,1,3032,21.30,-73.776794,40.645775,-74.010933,40.70496
A8262FA0AFCB6C7229F6888EAFBDE076,1BDF89260FEF1AE6FDDE839A0278D31D,CMT,1,N,2013-01-07 14:30:23,2013-01-07 14:42:14,1,711,1.40,-73.946114,40.801075,-73.96653,40.805023
F33EF464441839C6F0DABAABBC93B45D,313F66DD09C308EADA3B307F6B8CF7A9,CMT,1,N,2013-01-10 10:56:47,2013-01-10 11:05:52,1,545,1.40,-73.97541,40.759106,-73.96183,40.776527
56CE01E7DBE0E6449FA1758F082D8884,4C6FE2FCFED26629D515D291EC1516A0,CMT,1,N,2013-01-10 14:50:01,2013-01-10 15:19:10,1,1748,4.00,-73.957344,40.785732,-73.994942,40.742931
32201027CDC62D654DC3AD9747A07C96,B8DDB9F8143017E22104050B26C2A65D,CMT,1,N,2013-01-05 08:58:18,2013-01-05 09:05:56,1,458,3.20,-73.998901,40.734509,-73.96682,40.770138
B33E71CD9E8FE1BE3B70FEB6E807DD15,BAF57796E45D921BB23217E17A372FF6,CMT,1,N,2013-01-06 04:58:23,2013-01-06 05:11:24,1,781,3.30,-73.989029,40.759327,-73.953743,40.770672
ED160B76D5349C8AC1ECF22CD4B8D538,3B93F6DA5DEBDE9560993FA624C4FF76,CMT,1,N,2013-01-08 14:42:04,2013-01-08 14:50:27,1,503,1.00,-73.993042,40.73399,-73.982483,40.724823
D83F9AC0E33F6F19869C243BE6AB6FE5,85A55B6772275374EF90AC9457DC1F83,CMT,1,N,2013-01-10 13:29:23,2013-01-10 13:34:45,1,321,.90,-73.979553,40.785011,-73.968262,40.788158
04E59442A7DDBCE515E33CD355D866E7,7913172189931A1A1632562B10AB53C4,CMT,1,N,2013-01-06 16:30:15,2013-01-06 16:42:26,1,730,1.30,-73.968002,40.762161,-73.985992,40.770542
D30BED60331C79E3F7ACD05B325ED42F,B5E1D2461A5BCC8819188DACEC17CD69,CMT,1,N,2013-01-05 20:38:46,2013-01-05 20:43:06,1,260,.80,-73.982224,40.76667,-73.989212,40.773636